{"/home/dibash/torrentflix/packages/server/src/app.ts": {"path":"/home/dibash/torrentflix/packages/server/src/app.ts","statementMap":{"0":{"start":{"line":1,"column":0},"end":{"line":1,"column":67}},"1":{"start":{"line":2,"column":0},"end":{"line":2,"column":24}},"2":{"start":{"line":3,"column":0},"end":{"line":3,"column":30}},"3":{"start":{"line":4,"column":0},"end":{"line":4,"column":34}},"4":{"start":{"line":5,"column":0},"end":{"line":5,"column":43}},"5":{"start":{"line":6,"column":0},"end":{"line":6,"column":56}},"6":{"start":{"line":7,"column":12},"end":{"line":7,"column":21}},"7":{"start":{"line":9,"column":0},"end":{"line":9,"column":45}},"8":{"start":{"line":10,"column":0},"end":{"line":10,"column":35}},"9":{"start":{"line":11,"column":0},"end":{"line":11,"column":24}},"10":{"start":{"line":13,"column":0},"end":{"line":13,"column":21}},"11":{"start":{"line":15,"column":0},"end":{"line":21,"column":3}},"12":{"start":{"line":16,"column":2},"end":{"line":20,"column":null}},"13":{"start":{"line":17,"column":4},"end":{"line":17,"column":30}},"14":{"start":{"line":19,"column":4},"end":{"line":19,"column":50}},"15":{"start":{"line":23,"column":0},"end":{"line":23,"column":19}}},"fnMap":{"0":{"name":"(anonymous_1)","decl":{"start":{"line":15,"column":8},"end":{"line":15,"column":9}},"loc":{"start":{"line":15,"column":72},"end":{"line":21,"column":1}}}},"branchMap":{"0":{"loc":{"start":{"line":16,"column":2},"end":{"line":20,"column":null}},"type":"if","locations":[{"start":{"line":16,"column":2},"end":{"line":20,"column":null}},{"start":{"line":18,"column":9},"end":{"line":20,"column":null}}]}},"s":{"0":1,"1":1,"2":1,"3":1,"4":1,"5":1,"6":1,"7":1,"8":1,"9":1,"10":1,"11":1,"12":3,"13":3,"14":0,"15":1},"f":{"0":3},"b":{"0":[3,0]}}
,"/home/dibash/torrentflix/packages/server/src/config.ts": {"path":"/home/dibash/torrentflix/packages/server/src/config.ts","statementMap":{"0":{"start":{"line":1,"column":0},"end":{"line":1,"column":28}},"1":{"start":{"line":2,"column":0},"end":{"line":2,"column":16}},"2":{"start":{"line":3,"column":13},"end":{"line":8,"column":2}},"3":{"start":{"line":10,"column":13},"end":{"line":10,"column":48}},"4":{"start":{"line":12,"column":13},"end":{"line":12,"column":48}},"5":{"start":{"line":13,"column":13},"end":{"line":13,"column":37}},"6":{"start":{"line":14,"column":13},"end":{"line":14,"column":48}},"7":{"start":{"line":16,"column":13},"end":{"line":16,"column":62}}},"fnMap":{},"branchMap":{},"s":{"0":1,"1":1,"2":1,"3":1,"4":1,"5":1,"6":1,"7":1},"f":{},"b":{}}
,"/home/dibash/torrentflix/packages/server/src/core/ApiError.ts": {"path":"/home/dibash/torrentflix/packages/server/src/core/ApiError.ts","statementMap":{"0":{"start":{"line":2,"column":0},"end":{"line":2,"column":null}},"1":{"start":{"line":11,"column":0},"end":{"line":11,"column":null}},"2":{"start":{"line":12,"column":2},"end":{"line":12,"column":null}},"3":{"start":{"line":13,"column":2},"end":{"line":13,"column":null}},"4":{"start":{"line":14,"column":2},"end":{"line":14,"column":null}},"5":{"start":{"line":15,"column":2},"end":{"line":15,"column":null}},"6":{"start":{"line":16,"column":2},"end":{"line":16,"column":null}},"7":{"start":{"line":17,"column":2},"end":{"line":17,"column":null}},"8":{"start":{"line":18,"column":2},"end":{"line":18,"column":null}},"9":{"start":{"line":19,"column":2},"end":{"line":19,"column":null}},"10":{"start":{"line":20,"column":2},"end":{"line":20,"column":null}},"11":{"start":{"line":21,"column":2},"end":{"line":21,"column":null}},"12":{"start":{"line":26,"column":4},"end":{"line":26,"column":16}},"13":{"start":{"line":25,"column":21},"end":{"line":25,"column":36}},"14":{"start":{"line":25,"column":45},"end":{"line":25,"column":63}},"15":{"start":{"line":30,"column":4},"end":{"line":51,"column":null}},"16":{"start":{"line":34,"column":8},"end":{"line":34,"column":62}},"17":{"start":{"line":36,"column":8},"end":{"line":36,"column":67}},"18":{"start":{"line":38,"column":8},"end":{"line":38,"column":64}},"19":{"start":{"line":42,"column":8},"end":{"line":42,"column":59}},"20":{"start":{"line":44,"column":8},"end":{"line":44,"column":61}},"21":{"start":{"line":46,"column":8},"end":{"line":46,"column":60}},"22":{"start":{"line":48,"column":22},"end":{"line":48,"column":33}},"23":{"start":{"line":49,"column":8},"end":{"line":49,"column":60}},"24":{"start":{"line":24,"column":0},"end":{"line":24,"column":22}},"25":{"start":{"line":57,"column":4},"end":{"line":57,"column":43}},"26":{"start":{"line":55,"column":0},"end":{"line":55,"column":13}},"27":{"start":{"line":63,"column":4},"end":{"line":63,"column":39}},"28":{"start":{"line":61,"column":0},"end":{"line":61,"column":13}},"29":{"start":{"line":69,"column":4},"end":{"line":69,"column":42}},"30":{"start":{"line":67,"column":0},"end":{"line":67,"column":13}},"31":{"start":{"line":75,"column":4},"end":{"line":75,"column":40}},"32":{"start":{"line":73,"column":0},"end":{"line":73,"column":13}},"33":{"start":{"line":81,"column":4},"end":{"line":81,"column":40}},"34":{"start":{"line":79,"column":0},"end":{"line":79,"column":13}},"35":{"start":{"line":87,"column":4},"end":{"line":87,"column":39}},"36":{"start":{"line":85,"column":0},"end":{"line":85,"column":13}},"37":{"start":{"line":93,"column":4},"end":{"line":93,"column":40}},"38":{"start":{"line":91,"column":0},"end":{"line":91,"column":13}},"39":{"start":{"line":99,"column":4},"end":{"line":99,"column":44}},"40":{"start":{"line":97,"column":0},"end":{"line":97,"column":13}},"41":{"start":{"line":105,"column":4},"end":{"line":105,"column":38}},"42":{"start":{"line":103,"column":0},"end":{"line":103,"column":13}},"43":{"start":{"line":111,"column":4},"end":{"line":111,"column":43}},"44":{"start":{"line":109,"column":0},"end":{"line":109,"column":13}}},"fnMap":{"0":{"name":"(anonymous_0)","decl":{"start":{"line":11,"column":0},"end":{"line":11,"column":5}},"loc":{"start":{"line":11,"column":14},"end":{"line":22,"column":1}}},"1":{"name":"(anonymous_1)","decl":{"start":{"line":25,"column":2},"end":{"line":25,"column":21}},"loc":{"start":{"line":25,"column":70},"end":{"line":27,"column":3}}},"2":{"name":"(anonymous_2)","decl":{"start":{"line":29,"column":9},"end":{"line":29,"column":15}},"loc":{"start":{"line":29,"column":51},"end":{"line":52,"column":3}}},"3":{"name":"(anonymous_3)","decl":{"start":{"line":56,"column":2},"end":{"line":56,"column":14}},"loc":{"start":{"line":56,"column":45},"end":{"line":58,"column":3}}},"4":{"name":"(anonymous_4)","decl":{"start":{"line":62,"column":2},"end":{"line":62,"column":14}},"loc":{"start":{"line":62,"column":40},"end":{"line":64,"column":3}}},"5":{"name":"(anonymous_5)","decl":{"start":{"line":68,"column":2},"end":{"line":68,"column":14}},"loc":{"start":{"line":68,"column":37},"end":{"line":70,"column":3}}},"6":{"name":"(anonymous_6)","decl":{"start":{"line":74,"column":2},"end":{"line":74,"column":14}},"loc":{"start":{"line":74,"column":35},"end":{"line":76,"column":3}}},"7":{"name":"(anonymous_7)","decl":{"start":{"line":80,"column":2},"end":{"line":80,"column":14}},"loc":{"start":{"line":80,"column":43},"end":{"line":82,"column":3}}},"8":{"name":"(anonymous_8)","decl":{"start":{"line":86,"column":2},"end":{"line":86,"column":14}},"loc":{"start":{"line":86,"column":44},"end":{"line":88,"column":3}}},"9":{"name":"(anonymous_9)","decl":{"start":{"line":92,"column":2},"end":{"line":92,"column":14}},"loc":{"start":{"line":92,"column":44},"end":{"line":94,"column":3}}},"10":{"name":"(anonymous_10)","decl":{"start":{"line":98,"column":2},"end":{"line":98,"column":14}},"loc":{"start":{"line":98,"column":42},"end":{"line":100,"column":3}}},"11":{"name":"(anonymous_11)","decl":{"start":{"line":104,"column":2},"end":{"line":104,"column":14}},"loc":{"start":{"line":104,"column":43},"end":{"line":106,"column":3}}},"12":{"name":"(anonymous_12)","decl":{"start":{"line":110,"column":2},"end":{"line":110,"column":14}},"loc":{"start":{"line":110,"column":46},"end":{"line":112,"column":3}}}},"branchMap":{"0":{"loc":{"start":{"line":11,"column":5},"end":{"line":11,"column":null}},"type":"binary-expr","locations":[{"start":{"line":11,"column":5},"end":{"line":11,"column":14}},{"start":{"line":11,"column":5},"end":{"line":11,"column":null}}]},"1":{"loc":{"start":{"line":25,"column":45},"end":{"line":25,"column":70}},"type":"default-arg","locations":[{"start":{"line":25,"column":63},"end":{"line":25,"column":70}}]},"2":{"loc":{"start":{"line":30,"column":4},"end":{"line":51,"column":null}},"type":"switch","locations":[{"start":{"line":31,"column":6},"end":{"line":31,"column":31}},{"start":{"line":32,"column":6},"end":{"line":32,"column":35}},{"start":{"line":33,"column":6},"end":{"line":34,"column":62}},{"start":{"line":35,"column":6},"end":{"line":36,"column":67}},{"start":{"line":37,"column":6},"end":{"line":38,"column":64}},{"start":{"line":39,"column":6},"end":{"line":39,"column":31}},{"start":{"line":40,"column":6},"end":{"line":40,"column":30}},{"start":{"line":41,"column":6},"end":{"line":42,"column":59}},{"start":{"line":43,"column":6},"end":{"line":44,"column":61}},{"start":{"line":45,"column":6},"end":{"line":46,"column":60}},{"start":{"line":47,"column":6},"end":{"line":50,"column":null}}]},"3":{"loc":{"start":{"line":56,"column":14},"end":{"line":56,"column":45}},"type":"default-arg","locations":[{"start":{"line":56,"column":24},"end":{"line":56,"column":45}}]},"4":{"loc":{"start":{"line":62,"column":14},"end":{"line":62,"column":40}},"type":"default-arg","locations":[{"start":{"line":62,"column":24},"end":{"line":62,"column":40}}]},"5":{"loc":{"start":{"line":68,"column":14},"end":{"line":68,"column":37}},"type":"default-arg","locations":[{"start":{"line":68,"column":24},"end":{"line":68,"column":37}}]},"6":{"loc":{"start":{"line":74,"column":14},"end":{"line":74,"column":35}},"type":"default-arg","locations":[{"start":{"line":74,"column":24},"end":{"line":74,"column":35}}]},"7":{"loc":{"start":{"line":80,"column":14},"end":{"line":80,"column":43}},"type":"default-arg","locations":[{"start":{"line":80,"column":24},"end":{"line":80,"column":43}}]},"8":{"loc":{"start":{"line":86,"column":14},"end":{"line":86,"column":44}},"type":"default-arg","locations":[{"start":{"line":86,"column":24},"end":{"line":86,"column":44}}]},"9":{"loc":{"start":{"line":92,"column":14},"end":{"line":92,"column":44}},"type":"default-arg","locations":[{"start":{"line":92,"column":24},"end":{"line":92,"column":44}}]},"10":{"loc":{"start":{"line":98,"column":14},"end":{"line":98,"column":42}},"type":"default-arg","locations":[{"start":{"line":98,"column":24},"end":{"line":98,"column":42}}]},"11":{"loc":{"start":{"line":104,"column":14},"end":{"line":104,"column":43}},"type":"default-arg","locations":[{"start":{"line":104,"column":24},"end":{"line":104,"column":43}}]},"12":{"loc":{"start":{"line":110,"column":14},"end":{"line":110,"column":46}},"type":"default-arg","locations":[{"start":{"line":110,"column":24},"end":{"line":110,"column":46}}]}},"s":{"0":1,"1":1,"2":1,"3":1,"4":1,"5":1,"6":1,"7":1,"8":1,"9":1,"10":1,"11":1,"12":3,"13":3,"14":3,"15":3,"16":1,"17":0,"18":0,"19":0,"20":2,"21":0,"22":0,"23":0,"24":1,"25":1,"26":1,"27":0,"28":1,"29":2,"30":1,"31":0,"32":1,"33":0,"34":1,"35":0,"36":1,"37":0,"38":1,"39":0,"40":1,"41":0,"42":1,"43":0,"44":1},"f":{"0":1,"1":3,"2":3,"3":1,"4":0,"5":2,"6":0,"7":0,"8":0,"9":0,"10":0,"11":0,"12":0},"b":{"0":[1,1],"1":[0],"2":[0,0,1,0,0,0,0,0,2,0,0],"3":[0],"4":[0],"5":[0],"6":[0],"7":[0],"8":[0],"9":[0],"10":[0],"11":[0],"12":[0]}}
,"/home/dibash/torrentflix/packages/server/src/core/ApiResponse.ts": {"path":"/home/dibash/torrentflix/packages/server/src/core/ApiResponse.ts","statementMap":{"0":{"start":{"line":4,"column":0},"end":{"line":4,"column":null}},"1":{"start":{"line":5,"column":2},"end":{"line":5,"column":null}},"2":{"start":{"line":6,"column":2},"end":{"line":6,"column":null}},"3":{"start":{"line":7,"column":2},"end":{"line":7,"column":null}},"4":{"start":{"line":8,"column":2},"end":{"line":8,"column":null}},"5":{"start":{"line":11,"column":0},"end":{"line":11,"column":null}},"6":{"start":{"line":12,"column":2},"end":{"line":12,"column":null}},"7":{"start":{"line":13,"column":2},"end":{"line":13,"column":null}},"8":{"start":{"line":14,"column":2},"end":{"line":14,"column":null}},"9":{"start":{"line":15,"column":2},"end":{"line":15,"column":null}},"10":{"start":{"line":16,"column":2},"end":{"line":16,"column":null}},"11":{"start":{"line":17,"column":2},"end":{"line":17,"column":null}},"12":{"start":{"line":22,"column":14},"end":{"line":22,"column":36}},"13":{"start":{"line":23,"column":14},"end":{"line":23,"column":36}},"14":{"start":{"line":24,"column":14},"end":{"line":24,"column":29}},"15":{"start":{"line":31,"column":4},"end":{"line":31,"column":72}},"16":{"start":{"line":35,"column":4},"end":{"line":35,"column":48}},"17":{"start":{"line":39,"column":21},"end":{"line":39,"column":28}},"18":{"start":{"line":40,"column":4},"end":{"line":40,"column":35}},"19":{"start":{"line":42,"column":4},"end":{"line":42,"column":24}},"20":{"start":{"line":43,"column":4},"end":{"line":43,"column":80}},"21":{"start":{"line":43,"column":27},"end":{"line":43,"column":80}},"22":{"start":{"line":43,"column":64},"end":{"line":43,"column":80}},"23":{"start":{"line":44,"column":4},"end":{"line":44,"column":17}},"24":{"start":{"line":50,"column":4},"end":{"line":50,"column":68}},"25":{"start":{"line":48,"column":0},"end":{"line":48,"column":13}},"26":{"start":{"line":58,"column":4},"end":{"line":58,"column":65}},"27":{"start":{"line":62,"column":4},"end":{"line":62,"column":36}},"28":{"start":{"line":63,"column":4},"end":{"line":63,"column":54}},"29":{"start":{"line":54,"column":0},"end":{"line":54,"column":13}},"30":{"start":{"line":69,"column":4},"end":{"line":69,"column":65}},"31":{"start":{"line":67,"column":0},"end":{"line":67,"column":13}},"32":{"start":{"line":75,"column":4},"end":{"line":75,"column":67}},"33":{"start":{"line":73,"column":0},"end":{"line":73,"column":13}},"34":{"start":{"line":81,"column":4},"end":{"line":81,"column":70}},"35":{"start":{"line":79,"column":0},"end":{"line":79,"column":13}},"36":{"start":{"line":87,"column":4},"end":{"line":87,"column":63}},"37":{"start":{"line":85,"column":0},"end":{"line":85,"column":13}},"38":{"start":{"line":93,"column":4},"end":{"line":93,"column":63}},"39":{"start":{"line":91,"column":0},"end":{"line":91,"column":13}},"40":{"start":{"line":99,"column":4},"end":{"line":99,"column":63}},"41":{"start":{"line":98,"column":39},"end":{"line":98,"column":46}},"42":{"start":{"line":103,"column":4},"end":{"line":103,"column":56}},"43":{"start":{"line":97,"column":0},"end":{"line":97,"column":13}},"44":{"start":{"line":111,"column":4},"end":{"line":115,"column":6}},"45":{"start":{"line":108,"column":10},"end":{"line":108,"column":40}},"46":{"start":{"line":119,"column":4},"end":{"line":119,"column":51}},"47":{"start":{"line":120,"column":4},"end":{"line":120,"column":62}},"48":{"start":{"line":107,"column":0},"end":{"line":107,"column":13}},"49":{"start":{"line":130,"column":4},"end":{"line":130,"column":63}},"50":{"start":{"line":127,"column":12},"end":{"line":127,"column":31}},"51":{"start":{"line":128,"column":12},"end":{"line":128,"column":32}},"52":{"start":{"line":134,"column":4},"end":{"line":134,"column":58}},"53":{"start":{"line":124,"column":0},"end":{"line":124,"column":13}}},"fnMap":{"0":{"name":"(anonymous_0)","decl":{"start":{"line":4,"column":0},"end":{"line":4,"column":5}},"loc":{"start":{"line":4,"column":15},"end":{"line":9,"column":1}}},"1":{"name":"(anonymous_1)","decl":{"start":{"line":11,"column":0},"end":{"line":11,"column":5}},"loc":{"start":{"line":11,"column":19},"end":{"line":18,"column":1}}},"2":{"name":"(anonymous_2)","decl":{"start":{"line":21,"column":2},"end":{"line":21,"column":null}},"loc":{"start":{"line":24,"column":29},"end":{"line":25,"column":6}}},"3":{"name":"(anonymous_3)","decl":{"start":{"line":27,"column":12},"end":{"line":27,"column":19}},"loc":{"start":{"line":29,"column":15},"end":{"line":32,"column":3}}},"4":{"name":"(anonymous_4)","decl":{"start":{"line":34,"column":9},"end":{"line":34,"column":13}},"loc":{"start":{"line":34,"column":27},"end":{"line":36,"column":3}}},"5":{"name":"(anonymous_5)","decl":{"start":{"line":38,"column":10},"end":{"line":38,"column":16}},"loc":{"start":{"line":38,"column":60},"end":{"line":45,"column":3}}},"6":{"name":"(anonymous_6)","decl":{"start":{"line":49,"column":2},"end":{"line":49,"column":14}},"loc":{"start":{"line":49,"column":48},"end":{"line":51,"column":3}}},"7":{"name":"(anonymous_7)","decl":{"start":{"line":57,"column":2},"end":{"line":57,"column":14}},"loc":{"start":{"line":57,"column":35},"end":{"line":59,"column":3}}},"8":{"name":"(anonymous_8)","decl":{"start":{"line":61,"column":2},"end":{"line":61,"column":6}},"loc":{"start":{"line":61,"column":20},"end":{"line":64,"column":3}}},"9":{"name":"(anonymous_9)","decl":{"start":{"line":68,"column":2},"end":{"line":68,"column":14}},"loc":{"start":{"line":68,"column":35},"end":{"line":70,"column":3}}},"10":{"name":"(anonymous_10)","decl":{"start":{"line":74,"column":2},"end":{"line":74,"column":14}},"loc":{"start":{"line":74,"column":40},"end":{"line":76,"column":3}}},"11":{"name":"(anonymous_11)","decl":{"start":{"line":80,"column":2},"end":{"line":80,"column":14}},"loc":{"start":{"line":80,"column":40},"end":{"line":82,"column":3}}},"12":{"name":"(anonymous_12)","decl":{"start":{"line":86,"column":2},"end":{"line":86,"column":14}},"loc":{"start":{"line":86,"column":29},"end":{"line":88,"column":3}}},"13":{"name":"(anonymous_13)","decl":{"start":{"line":92,"column":2},"end":{"line":92,"column":14}},"loc":{"start":{"line":92,"column":29},"end":{"line":94,"column":3}}},"14":{"name":"(anonymous_14)","decl":{"start":{"line":98,"column":2},"end":{"line":98,"column":14}},"loc":{"start":{"line":98,"column":46},"end":{"line":100,"column":3}}},"15":{"name":"(anonymous_15)","decl":{"start":{"line":102,"column":2},"end":{"line":102,"column":6}},"loc":{"start":{"line":102,"column":20},"end":{"line":104,"column":3}}},"16":{"name":"(anonymous_16)","decl":{"start":{"line":110,"column":2},"end":{"line":110,"column":14}},"loc":{"start":{"line":110,"column":46},"end":{"line":116,"column":3}}},"17":{"name":"(anonymous_17)","decl":{"start":{"line":118,"column":2},"end":{"line":118,"column":6}},"loc":{"start":{"line":118,"column":20},"end":{"line":121,"column":3}}},"18":{"name":"(anonymous_18)","decl":{"start":{"line":125,"column":2},"end":{"line":125,"column":null}},"loc":{"start":{"line":128,"column":32},"end":{"line":131,"column":3}}},"19":{"name":"(anonymous_19)","decl":{"start":{"line":133,"column":2},"end":{"line":133,"column":6}},"loc":{"start":{"line":133,"column":20},"end":{"line":135,"column":3}}}},"branchMap":{"0":{"loc":{"start":{"line":4,"column":5},"end":{"line":4,"column":null}},"type":"binary-expr","locations":[{"start":{"line":4,"column":5},"end":{"line":4,"column":15}},{"start":{"line":4,"column":5},"end":{"line":4,"column":null}}]},"1":{"loc":{"start":{"line":11,"column":5},"end":{"line":11,"column":null}},"type":"binary-expr","locations":[{"start":{"line":11,"column":5},"end":{"line":11,"column":19}},{"start":{"line":11,"column":5},"end":{"line":11,"column":null}}]},"2":{"loc":{"start":{"line":43,"column":27},"end":{"line":43,"column":80}},"type":"if","locations":[{"start":{"line":43,"column":27},"end":{"line":43,"column":80}}]},"3":{"loc":{"start":{"line":49,"column":14},"end":{"line":49,"column":48}},"type":"default-arg","locations":[{"start":{"line":49,"column":24},"end":{"line":49,"column":48}}]},"4":{"loc":{"start":{"line":57,"column":14},"end":{"line":57,"column":35}},"type":"default-arg","locations":[{"start":{"line":57,"column":24},"end":{"line":57,"column":35}}]},"5":{"loc":{"start":{"line":62,"column":15},"end":{"line":62,"column":35}},"type":"cond-expr","locations":[{"start":{"line":62,"column":22},"end":{"line":62,"column":24}},{"start":{"line":62,"column":22},"end":{"line":62,"column":35}}]},"6":{"loc":{"start":{"line":62,"column":15},"end":{"line":62,"column":24}},"type":"binary-expr","locations":[{"start":{"line":62,"column":15},"end":{"line":62,"column":24}},{"start":{"line":62,"column":22},"end":{"line":62,"column":24}}]},"7":{"loc":{"start":{"line":68,"column":14},"end":{"line":68,"column":35}},"type":"default-arg","locations":[{"start":{"line":68,"column":24},"end":{"line":68,"column":35}}]},"8":{"loc":{"start":{"line":74,"column":14},"end":{"line":74,"column":40}},"type":"default-arg","locations":[{"start":{"line":74,"column":24},"end":{"line":74,"column":40}}]},"9":{"loc":{"start":{"line":80,"column":14},"end":{"line":80,"column":40}},"type":"default-arg","locations":[{"start":{"line":80,"column":24},"end":{"line":80,"column":40}}]},"10":{"loc":{"start":{"line":110,"column":14},"end":{"line":110,"column":46}},"type":"default-arg","locations":[{"start":{"line":110,"column":24},"end":{"line":110,"column":46}}]}},"s":{"0":1,"1":1,"2":1,"3":1,"4":1,"5":1,"6":1,"7":1,"8":1,"9":1,"10":1,"11":1,"12":3,"13":3,"14":3,"15":3,"16":3,"17":3,"18":3,"19":3,"20":3,"21":6,"22":0,"23":3,"24":1,"25":1,"26":0,"27":0,"28":0,"29":1,"30":0,"31":1,"32":2,"33":1,"34":0,"35":1,"36":0,"37":1,"38":0,"39":1,"40":0,"41":0,"42":0,"43":1,"44":0,"45":0,"46":0,"47":0,"48":1,"49":0,"50":0,"51":0,"52":0,"53":1},"f":{"0":1,"1":1,"2":3,"3":3,"4":3,"5":3,"6":1,"7":0,"8":0,"9":0,"10":2,"11":0,"12":0,"13":0,"14":0,"15":0,"16":0,"17":0,"18":0,"19":0},"b":{"0":[1,1],"1":[1,1],"2":[0],"3":[0],"4":[0],"5":[0,0],"6":[0,0],"7":[0],"8":[0],"9":[0],"10":[0]}}
,"/home/dibash/torrentflix/packages/server/src/core/Logger.ts": {"path":"/home/dibash/torrentflix/packages/server/src/core/Logger.ts","statementMap":{"0":{"start":{"line":1,"column":0},"end":{"line":1,"column":59}},"1":{"start":{"line":2,"column":0},"end":{"line":2,"column":20}},"2":{"start":{"line":3,"column":0},"end":{"line":3,"column":24}},"3":{"start":{"line":4,"column":0},"end":{"line":4,"column":56}},"4":{"start":{"line":5,"column":0},"end":{"line":5,"column":54}},"5":{"start":{"line":7,"column":10},"end":{"line":7,"column":22}},"6":{"start":{"line":8,"column":0},"end":{"line":8,"column":37}},"7":{"start":{"line":8,"column":10},"end":{"line":8,"column":37}},"8":{"start":{"line":11,"column":0},"end":{"line":14,"column":null}},"9":{"start":{"line":13,"column":2},"end":{"line":13,"column":20}},"10":{"start":{"line":16,"column":17},"end":{"line":16,"column":65}},"11":{"start":{"line":18,"column":16},"end":{"line":33,"column":2}},"12":{"start":{"line":35,"column":0},"end":{"line":47,"column":3}}},"fnMap":{},"branchMap":{"0":{"loc":{"start":{"line":8,"column":0},"end":{"line":8,"column":37}},"type":"if","locations":[{"start":{"line":8,"column":0},"end":{"line":8,"column":37}}]},"1":{"loc":{"start":{"line":11,"column":0},"end":{"line":14,"column":null}},"type":"if","locations":[{"start":{"line":11,"column":0},"end":{"line":14,"column":null}}]},"2":{"loc":{"start":{"line":16,"column":17},"end":{"line":16,"column":65}},"type":"cond-expr","locations":[{"start":{"line":16,"column":49},"end":{"line":16,"column":56}},{"start":{"line":16,"column":59},"end":{"line":16,"column":65}}]}},"s":{"0":1,"1":1,"2":1,"3":1,"4":1,"5":1,"6":1,"7":1,"8":1,"9":0,"10":1,"11":1,"12":1},"f":{},"b":{"0":[1],"1":[0],"2":[0,1]}}
,"/home/dibash/torrentflix/packages/server/src/database/prisma.ts": {"path":"/home/dibash/torrentflix/packages/server/src/database/prisma.ts","statementMap":{"0":{"start":{"line":1,"column":0},"end":{"line":1,"column":46}},"1":{"start":{"line":3,"column":21},"end":{"line":3,"column":39}},"2":{"start":{"line":5,"column":0},"end":{"line":7,"column":3}},"3":{"start":{"line":6,"column":2},"end":{"line":6,"column":34}},"4":{"start":{"line":9,"column":0},"end":{"line":9,"column":28}}},"fnMap":{"0":{"name":"(anonymous_0)","decl":{"start":{"line":5,"column":29},"end":{"line":5,"column":32}},"loc":{"start":{"line":5,"column":34},"end":{"line":7,"column":1}}}},"branchMap":{},"s":{"0":1,"1":1,"2":1,"3":1,"4":1},"f":{"0":1},"b":{}}
,"/home/dibash/torrentflix/packages/server/src/middlewares/auth.ts": {"path":"/home/dibash/torrentflix/packages/server/src/middlewares/auth.ts","statementMap":{"0":{"start":{"line":2,"column":0},"end":{"line":2,"column":67}},"1":{"start":{"line":4,"column":0},"end":{"line":4,"column":31}},"2":{"start":{"line":5,"column":0},"end":{"line":5,"column":40}},"3":{"start":{"line":12,"column":0},"end":{"line":27,"column":2}},"4":{"start":{"line":13,"column":24},"end":{"line":13,"column":49}},"5":{"start":{"line":14,"column":2},"end":{"line":14,"column":51}},"6":{"start":{"line":14,"column":22},"end":{"line":14,"column":51}},"7":{"start":{"line":16,"column":2},"end":{"line":16,"column":70}},"8":{"start":{"line":16,"column":41},"end":{"line":16,"column":70}},"9":{"start":{"line":18,"column":16},"end":{"line":18,"column":43}},"10":{"start":{"line":20,"column":18},"end":{"line":20,"column":48}},"11":{"start":{"line":22,"column":2},"end":{"line":22,"column":42}},"12":{"start":{"line":22,"column":16},"end":{"line":22,"column":42}},"13":{"start":{"line":24,"column":18},"end":{"line":24,"column":46}},"14":{"start":{"line":25,"column":2},"end":{"line":25,"column":61}},"15":{"start":{"line":26,"column":2},"end":{"line":26,"column":16}}},"fnMap":{"0":{"name":"(anonymous_1)","decl":{"start":{"line":12,"column":15},"end":{"line":12,"column":16}},"loc":{"start":{"line":12,"column":67},"end":{"line":27,"column":1}}}},"branchMap":{"0":{"loc":{"start":{"line":14,"column":2},"end":{"line":14,"column":51}},"type":"if","locations":[{"start":{"line":14,"column":2},"end":{"line":14,"column":51}}]},"1":{"loc":{"start":{"line":16,"column":2},"end":{"line":16,"column":70}},"type":"if","locations":[{"start":{"line":16,"column":2},"end":{"line":16,"column":70}}]},"2":{"loc":{"start":{"line":22,"column":2},"end":{"line":22,"column":42}},"type":"if","locations":[{"start":{"line":22,"column":2},"end":{"line":22,"column":42}}]}},"s":{"0":1,"1":1,"2":1,"3":1,"4":0,"5":0,"6":0,"7":0,"8":0,"9":0,"10":0,"11":0,"12":0,"13":0,"14":0,"15":0},"f":{"0":0},"b":{"0":[0],"1":[0],"2":[0]}}
,"/home/dibash/torrentflix/packages/server/src/queues/torrentQueue.ts": {"path":"/home/dibash/torrentflix/packages/server/src/queues/torrentQueue.ts","statementMap":{"0":{"start":{"line":1,"column":0},"end":{"line":1,"column":35}},"1":{"start":{"line":2,"column":0},"end":{"line":2,"column":48}},"2":{"start":{"line":3,"column":0},"end":{"line":3,"column":24}},"3":{"start":{"line":4,"column":0},"end":{"line":4,"column":46}},"4":{"start":{"line":13,"column":34},"end":{"line":18,"column":2}},"5":{"start":{"line":20,"column":21},"end":{"line":22,"column":2}},"6":{"start":{"line":44,"column":9},"end":{"line":44,"column":21}},"7":{"start":{"line":24,"column":0},"end":{"line":24,"column":73}},"8":{"start":{"line":26,"column":0},"end":{"line":42,"column":3}},"9":{"start":{"line":27,"column":16},"end":{"line":31,"column":4}},"10":{"start":{"line":32,"column":2},"end":{"line":41,"column":null}},"11":{"start":{"line":33,"column":4},"end":{"line":40,"column":7}}},"fnMap":{"0":{"name":"(anonymous_1)","decl":{"start":{"line":26,"column":29},"end":{"line":26,"column":34}},"loc":{"start":{"line":26,"column":59},"end":{"line":42,"column":1}}}},"branchMap":{"0":{"loc":{"start":{"line":32,"column":2},"end":{"line":41,"column":null}},"type":"if","locations":[{"start":{"line":32,"column":2},"end":{"line":41,"column":null}}]}},"s":{"0":1,"1":1,"2":1,"3":1,"4":1,"5":1,"6":1,"7":1,"8":1,"9":0,"10":0,"11":0},"f":{"0":0},"b":{"0":[0]}}
,"/home/dibash/torrentflix/packages/server/src/routes/index.ts": {"path":"/home/dibash/torrentflix/packages/server/src/routes/index.ts","statementMap":{"0":{"start":{"line":1,"column":0},"end":{"line":1,"column":30}},"1":{"start":{"line":2,"column":0},"end":{"line":2,"column":35}},"2":{"start":{"line":3,"column":0},"end":{"line":3,"column":37}},"3":{"start":{"line":4,"column":0},"end":{"line":4,"column":34}},"4":{"start":{"line":5,"column":0},"end":{"line":5,"column":41}},"5":{"start":{"line":7,"column":15},"end":{"line":7,"column":31}},"6":{"start":{"line":9,"column":0},"end":{"line":9,"column":28}},"7":{"start":{"line":10,"column":0},"end":{"line":10,"column":34}},"8":{"start":{"line":11,"column":0},"end":{"line":11,"column":28}},"9":{"start":{"line":12,"column":0},"end":{"line":12,"column":30}},"10":{"start":{"line":14,"column":0},"end":{"line":14,"column":22}}},"fnMap":{},"branchMap":{},"s":{"0":1,"1":1,"2":1,"3":1,"4":1,"5":1,"6":1,"7":1,"8":1,"9":1,"10":1},"f":{},"b":{}}
,"/home/dibash/torrentflix/packages/server/src/routes/access/login.ts": {"path":"/home/dibash/torrentflix/packages/server/src/routes/access/login.ts","statementMap":{"0":{"start":{"line":1,"column":0},"end":{"line":1,"column":30}},"1":{"start":{"line":2,"column":0},"end":{"line":2,"column":52}},"2":{"start":{"line":3,"column":0},"end":{"line":3,"column":46}},"3":{"start":{"line":4,"column":0},"end":{"line":4,"column":30}},"4":{"start":{"line":5,"column":0},"end":{"line":5,"column":49}},"5":{"start":{"line":6,"column":0},"end":{"line":6,"column":72}},"6":{"start":{"line":7,"column":0},"end":{"line":7,"column":28}},"7":{"start":{"line":8,"column":0},"end":{"line":8,"column":46}},"8":{"start":{"line":9,"column":0},"end":{"line":9,"column":57}},"9":{"start":{"line":11,"column":15},"end":{"line":11,"column":31}},"10":{"start":{"line":12,"column":0},"end":{"line":31,"column":2}},"11":{"start":{"line":16,"column":17},"end":{"line":16,"column":66}},"12":{"start":{"line":17,"column":4},"end":{"line":17,"column":63}},"13":{"start":{"line":17,"column":15},"end":{"line":17,"column":63}},"14":{"start":{"line":19,"column":18},"end":{"line":19,"column":72}},"15":{"start":{"line":20,"column":4},"end":{"line":20,"column":69}},"16":{"start":{"line":20,"column":16},"end":{"line":20,"column":69}},"17":{"start":{"line":22,"column":45},"end":{"line":22,"column":49}},"18":{"start":{"line":24,"column":24},"end":{"line":27,"column":6}},"19":{"start":{"line":29,"column":4},"end":{"line":29,"column":80}},"20":{"start":{"line":33,"column":0},"end":{"line":33,"column":22}}},"fnMap":{"0":{"name":"(anonymous_1)","decl":{"start":{"line":15,"column":15},"end":{"line":15,"column":20}},"loc":{"start":{"line":15,"column":34},"end":{"line":30,"column":3}}}},"branchMap":{"0":{"loc":{"start":{"line":17,"column":4},"end":{"line":17,"column":63}},"type":"if","locations":[{"start":{"line":17,"column":4},"end":{"line":17,"column":63}}]},"1":{"loc":{"start":{"line":20,"column":4},"end":{"line":20,"column":69}},"type":"if","locations":[{"start":{"line":20,"column":4},"end":{"line":20,"column":69}}]}},"s":{"0":1,"1":1,"2":1,"3":1,"4":1,"5":1,"6":1,"7":1,"8":1,"9":1,"10":1,"11":1,"12":1,"13":0,"14":1,"15":1,"16":1,"17":0,"18":0,"19":0,"20":1},"f":{"0":1},"b":{"0":[0],"1":[1]}}
,"/home/dibash/torrentflix/packages/server/src/routes/access/register.ts": {"path":"/home/dibash/torrentflix/packages/server/src/routes/access/register.ts","statementMap":{"0":{"start":{"line":1,"column":0},"end":{"line":1,"column":30}},"1":{"start":{"line":2,"column":0},"end":{"line":2,"column":57}},"2":{"start":{"line":3,"column":0},"end":{"line":3,"column":49}},"3":{"start":{"line":4,"column":0},"end":{"line":4,"column":52}},"4":{"start":{"line":5,"column":0},"end":{"line":5,"column":46}},"5":{"start":{"line":6,"column":0},"end":{"line":6,"column":54}},"6":{"start":{"line":7,"column":0},"end":{"line":7,"column":30}},"7":{"start":{"line":8,"column":0},"end":{"line":8,"column":46}},"8":{"start":{"line":10,"column":15},"end":{"line":10,"column":31}},"9":{"start":{"line":11,"column":0},"end":{"line":27,"column":2}},"10":{"start":{"line":15,"column":38},"end":{"line":15,"column":46}},"11":{"start":{"line":16,"column":17},"end":{"line":16,"column":57}},"12":{"start":{"line":17,"column":4},"end":{"line":17,"column":79}},"13":{"start":{"line":17,"column":14},"end":{"line":17,"column":79}},"14":{"start":{"line":18,"column":27},"end":{"line":18,"column":53}},"15":{"start":{"line":20,"column":20},"end":{"line":22,"column":6}},"16":{"start":{"line":23,"column":41},"end":{"line":23,"column":48}},"17":{"start":{"line":25,"column":4},"end":{"line":25,"column":73}},"18":{"start":{"line":29,"column":0},"end":{"line":29,"column":22}}},"fnMap":{"0":{"name":"(anonymous_1)","decl":{"start":{"line":14,"column":15},"end":{"line":14,"column":20}},"loc":{"start":{"line":14,"column":34},"end":{"line":26,"column":3}}}},"branchMap":{"0":{"loc":{"start":{"line":17,"column":4},"end":{"line":17,"column":79}},"type":"if","locations":[{"start":{"line":17,"column":4},"end":{"line":17,"column":79}}]}},"s":{"0":1,"1":1,"2":1,"3":1,"4":1,"5":1,"6":1,"7":1,"8":1,"9":1,"10":0,"11":0,"12":0,"13":0,"14":0,"15":0,"16":0,"17":0,"18":1},"f":{"0":0},"b":{"0":[0]}}
,"/home/dibash/torrentflix/packages/server/src/routes/access/schema.ts": {"path":"/home/dibash/torrentflix/packages/server/src/routes/access/schema.ts","statementMap":{"0":{"start":{"line":1,"column":0},"end":{"line":1,"column":28}},"1":{"start":{"line":3,"column":0},"end":{"line":13,"column":2}}},"fnMap":{},"branchMap":{},"s":{"0":1,"1":1},"f":{},"b":{}}
,"/home/dibash/torrentflix/packages/server/src/routes/access/verify.ts": {"path":"/home/dibash/torrentflix/packages/server/src/routes/access/verify.ts","statementMap":{"0":{"start":{"line":1,"column":0},"end":{"line":1,"column":53}},"1":{"start":{"line":2,"column":0},"end":{"line":2,"column":57}},"2":{"start":{"line":3,"column":0},"end":{"line":3,"column":42}},"3":{"start":{"line":4,"column":0},"end":{"line":4,"column":52}},"4":{"start":{"line":6,"column":15},"end":{"line":6,"column":31}},"5":{"start":{"line":8,"column":0},"end":{"line":14,"column":2}},"6":{"start":{"line":12,"column":4},"end":{"line":12,"column":64}},"7":{"start":{"line":16,"column":0},"end":{"line":16,"column":22}}},"fnMap":{"0":{"name":"(anonymous_1)","decl":{"start":{"line":11,"column":15},"end":{"line":11,"column":20}},"loc":{"start":{"line":11,"column":53},"end":{"line":13,"column":3}}}},"branchMap":{},"s":{"0":1,"1":1,"2":1,"3":1,"4":1,"5":1,"6":0,"7":1},"f":{"0":0},"b":{}}
,"/home/dibash/torrentflix/packages/server/src/routes/media/video.ts": {"path":"/home/dibash/torrentflix/packages/server/src/routes/media/video.ts","statementMap":{"0":{"start":{"line":1,"column":0},"end":{"line":1,"column":53}},"1":{"start":{"line":2,"column":0},"end":{"line":2,"column":49}},"2":{"start":{"line":3,"column":0},"end":{"line":3,"column":67}},"3":{"start":{"line":4,"column":0},"end":{"line":4,"column":57}},"4":{"start":{"line":5,"column":0},"end":{"line":5,"column":55}},"5":{"start":{"line":6,"column":0},"end":{"line":6,"column":52}},"6":{"start":{"line":7,"column":0},"end":{"line":7,"column":54}},"7":{"start":{"line":8,"column":0},"end":{"line":8,"column":36}},"8":{"start":{"line":9,"column":0},"end":{"line":9,"column":57}},"9":{"start":{"line":10,"column":0},"end":{"line":10,"column":38}},"10":{"start":{"line":11,"column":0},"end":{"line":11,"column":28}},"11":{"start":{"line":13,"column":15},"end":{"line":13,"column":31}},"12":{"start":{"line":14,"column":0},"end":{"line":14,"column":22}},"13":{"start":{"line":15,"column":0},"end":{"line":22,"column":2}},"14":{"start":{"line":18,"column":19},"end":{"line":18,"column":56}},"15":{"start":{"line":19,"column":4},"end":{"line":19,"column":53}},"16":{"start":{"line":19,"column":29},"end":{"line":19,"column":53}},"17":{"start":{"line":20,"column":4},"end":{"line":20,"column":60}},"18":{"start":{"line":24,"column":0},"end":{"line":64,"column":2}},"19":{"start":{"line":27,"column":21},"end":{"line":27,"column":29}},"20":{"start":{"line":28,"column":17},"end":{"line":28,"column":43}},"21":{"start":{"line":30,"column":21},"end":{"line":30,"column":42}},"22":{"start":{"line":31,"column":21},"end":{"line":31,"column":37}},"23":{"start":{"line":32,"column":4},"end":{"line":32,"column":43}},"24":{"start":{"line":32,"column":19},"end":{"line":32,"column":43}},"25":{"start":{"line":33,"column":24},"end":{"line":35,"column":6}},"26":{"start":{"line":37,"column":4},"end":{"line":38,"column":71}},"27":{"start":{"line":38,"column":6},"end":{"line":38,"column":71}},"28":{"start":{"line":39,"column":17},"end":{"line":39,"column":29}},"29":{"start":{"line":40,"column":15},"end":{"line":40,"column":34}},"30":{"start":{"line":41,"column":18},"end":{"line":41,"column":48}},"31":{"start":{"line":42,"column":21},"end":{"line":42,"column":61}},"32":{"start":{"line":43,"column":19},"end":{"line":48,"column":6}},"33":{"start":{"line":49,"column":21},"end":{"line":49,"column":70}},"34":{"start":{"line":50,"column":25},"end":{"line":61,"column":6}},"35":{"start":{"line":62,"column":4},"end":{"line":62,"column":66}},"36":{"start":{"line":66,"column":0},"end":{"line":66,"column":22}}},"fnMap":{"0":{"name":"(anonymous_1)","decl":{"start":{"line":17,"column":15},"end":{"line":17,"column":20}},"loc":{"start":{"line":17,"column":53},"end":{"line":21,"column":3}}},"1":{"name":"(anonymous_2)","decl":{"start":{"line":26,"column":15},"end":{"line":26,"column":20}},"loc":{"start":{"line":26,"column":53},"end":{"line":63,"column":3}}}},"branchMap":{"0":{"loc":{"start":{"line":19,"column":4},"end":{"line":19,"column":53}},"type":"if","locations":[{"start":{"line":19,"column":4},"end":{"line":19,"column":53}}]},"1":{"loc":{"start":{"line":32,"column":4},"end":{"line":32,"column":43}},"type":"if","locations":[{"start":{"line":32,"column":4},"end":{"line":32,"column":43}}]},"2":{"loc":{"start":{"line":37,"column":4},"end":{"line":38,"column":71}},"type":"if","locations":[{"start":{"line":37,"column":4},"end":{"line":38,"column":71}}]},"3":{"loc":{"start":{"line":41,"column":18},"end":{"line":41,"column":48}},"type":"cond-expr","locations":[{"start":{"line":41,"column":37},"end":{"line":41,"column":39}},{"start":{"line":41,"column":37},"end":{"line":41,"column":48}}]},"4":{"loc":{"start":{"line":41,"column":18},"end":{"line":41,"column":39}},"type":"binary-expr","locations":[{"start":{"line":41,"column":18},"end":{"line":41,"column":39}},{"start":{"line":41,"column":37},"end":{"line":41,"column":39}}]},"5":{"loc":{"start":{"line":42,"column":31},"end":{"line":42,"column":60}},"type":"cond-expr","locations":[{"start":{"line":42,"column":44},"end":{"line":42,"column":46}},{"start":{"line":42,"column":44},"end":{"line":42,"column":60}}]},"6":{"loc":{"start":{"line":42,"column":31},"end":{"line":42,"column":46}},"type":"binary-expr","locations":[{"start":{"line":42,"column":31},"end":{"line":42,"column":46}},{"start":{"line":42,"column":44},"end":{"line":42,"column":46}}]},"7":{"loc":{"start":{"line":42,"column":31},"end":{"line":42,"column":44}},"type":"cond-expr","locations":[{"start":{"line":42,"column":36},"end":{"line":42,"column":38}},{"start":{"line":42,"column":31},"end":{"line":42,"column":44}}]},"8":{"loc":{"start":{"line":42,"column":31},"end":{"line":42,"column":38}},"type":"binary-expr","locations":[{"start":{"line":42,"column":31},"end":{"line":42,"column":38}},{"start":{"line":42,"column":31},"end":{"line":42,"column":38}}]}},"s":{"0":1,"1":1,"2":1,"3":1,"4":1,"5":1,"6":1,"7":1,"8":1,"9":1,"10":1,"11":1,"12":1,"13":1,"14":0,"15":0,"16":0,"17":0,"18":1,"19":0,"20":0,"21":0,"22":0,"23":0,"24":0,"25":0,"26":0,"27":0,"28":0,"29":0,"30":0,"31":0,"32":0,"33":0,"34":0,"35":0,"36":1},"f":{"0":0,"1":0},"b":{"0":[0],"1":[0],"2":[0],"3":[0,0],"4":[0,0],"5":[0,0],"6":[0,0],"7":[0,0],"8":[0,0]}}
,"/home/dibash/torrentflix/packages/server/src/utils/1377x.ts": {"path":"/home/dibash/torrentflix/packages/server/src/utils/1377x.ts","statementMap":{"0":{"start":{"line":1,"column":0},"end":{"line":1,"column":30}},"1":{"start":{"line":2,"column":0},"end":{"line":2,"column":26}},"2":{"start":{"line":3,"column":0},"end":{"line":3,"column":36}},"3":{"start":{"line":5,"column":25},"end":{"line":16,"column":1}},"4":{"start":{"line":6,"column":2},"end":{"line":15,"column":null}},"5":{"start":{"line":7,"column":21},"end":{"line":7,"column":41}},"6":{"start":{"line":8,"column":25},"end":{"line":8,"column":38}},"7":{"start":{"line":9,"column":4},"end":{"line":9,"column":24}},"8":{"start":{"line":11,"column":4},"end":{"line":13,"column":null}},"9":{"start":{"line":12,"column":6},"end":{"line":12,"column":32}},"10":{"start":{"line":14,"column":4},"end":{"line":14,"column":16}},"11":{"start":{"line":5,"column":13},"end":{"line":5,"column":25}},"12":{"start":{"line":18,"column":22},"end":{"line":41,"column":1}},"13":{"start":{"line":19,"column":2},"end":{"line":40,"column":null}},"14":{"start":{"line":20,"column":32},"end":{"line":20,"column":34}},"15":{"start":{"line":21,"column":4},"end":{"line":21,"column":35}},"16":{"start":{"line":21,"column":23},"end":{"line":21,"column":35}},"17":{"start":{"line":22,"column":14},"end":{"line":22,"column":40}},"18":{"start":{"line":23,"column":23},"end":{"line":25,"column":19}},"19":{"start":{"line":26,"column":22},"end":{"line":26,"column":47}},"20":{"start":{"line":27,"column":21},"end":{"line":27,"column":66}},"21":{"start":{"line":28,"column":22},"end":{"line":28,"column":67}},"22":{"start":{"line":29,"column":17},"end":{"line":29,"column":50}},"23":{"start":{"line":30,"column":4},"end":{"line":32,"column":7}},"24":{"start":{"line":31,"column":6},"end":{"line":31,"column":36}},"25":{"start":{"line":33,"column":22},"end":{"line":33,"column":63}},"26":{"start":{"line":34,"column":4},"end":{"line":34,"column":75}},"27":{"start":{"line":36,"column":4},"end":{"line":38,"column":null}},"28":{"start":{"line":37,"column":6},"end":{"line":37,"column":33}},"29":{"start":{"line":39,"column":4},"end":{"line":39,"column":16}},"30":{"start":{"line":18,"column":13},"end":{"line":18,"column":22}}},"fnMap":{"0":{"name":"(anonymous_1)","decl":{"start":{"line":5,"column":25},"end":{"line":5,"column":30}},"loc":{"start":{"line":5,"column":47},"end":{"line":16,"column":1}}},"1":{"name":"(anonymous_2)","decl":{"start":{"line":18,"column":22},"end":{"line":18,"column":23}},"loc":{"start":{"line":18,"column":54},"end":{"line":41,"column":1}}},"2":{"name":"(anonymous_3)","decl":{"start":{"line":30,"column":17},"end":{"line":30,"column":18}},"loc":{"start":{"line":30,"column":25},"end":{"line":32,"column":5}}}},"branchMap":{"0":{"loc":{"start":{"line":11,"column":4},"end":{"line":13,"column":null}},"type":"if","locations":[{"start":{"line":11,"column":4},"end":{"line":13,"column":null}}]},"1":{"loc":{"start":{"line":21,"column":4},"end":{"line":21,"column":35}},"type":"if","locations":[{"start":{"line":21,"column":4},"end":{"line":21,"column":35}}]},"2":{"loc":{"start":{"line":36,"column":4},"end":{"line":38,"column":null}},"type":"if","locations":[{"start":{"line":36,"column":4},"end":{"line":38,"column":null}}]},"3":{"loc":{"start":{"line":37,"column":19},"end":{"line":37,"column":31}},"type":"cond-expr","locations":[{"start":{"line":37,"column":22},"end":{"line":37,"column":24}},{"start":{"line":37,"column":19},"end":{"line":37,"column":31}}]},"4":{"loc":{"start":{"line":37,"column":19},"end":{"line":37,"column":24}},"type":"binary-expr","locations":[{"start":{"line":37,"column":19},"end":{"line":37,"column":24}},{"start":{"line":37,"column":19},"end":{"line":37,"column":24}}]}},"s":{"0":1,"1":1,"2":1,"3":1,"4":0,"5":0,"6":0,"7":0,"8":0,"9":0,"10":0,"11":1,"12":1,"13":0,"14":0,"15":0,"16":0,"17":0,"18":0,"19":0,"20":0,"21":0,"22":0,"23":0,"24":0,"25":0,"26":0,"27":0,"28":0,"29":0,"30":1},"f":{"0":0,"1":0,"2":0},"b":{"0":[0],"1":[0],"2":[0],"3":[0,0],"4":[0,0]}}
,"/home/dibash/torrentflix/packages/server/src/utils/asyncHandler.ts": {"path":"/home/dibash/torrentflix/packages/server/src/utils/asyncHandler.ts","statementMap":{"0":{"start":{"line":9,"column":0},"end":{"line":12,"column":4}},"1":{"start":{"line":10,"column":2},"end":{"line":12,"column":3}},"2":{"start":{"line":11,"column":4},"end":{"line":11,"column":42}}},"fnMap":{"0":{"name":"(anonymous_0)","decl":{"start":{"line":9,"column":15},"end":{"line":9,"column":16}},"loc":{"start":{"line":10,"column":2},"end":{"line":12,"column":3}}},"1":{"name":"(anonymous_1)","decl":{"start":{"line":10,"column":2},"end":{"line":10,"column":3}},"loc":{"start":{"line":10,"column":54},"end":{"line":12,"column":3}}}},"branchMap":{},"s":{"0":1,"1":5,"2":1},"f":{"0":5,"1":1},"b":{}}
,"/home/dibash/torrentflix/packages/server/src/utils/hash.ts": {"path":"/home/dibash/torrentflix/packages/server/src/utils/hash.ts","statementMap":{"0":{"start":{"line":1,"column":0},"end":{"line":1,"column":28}},"1":{"start":{"line":2,"column":26},"end":{"line":5,"column":1}},"2":{"start":{"line":3,"column":25},"end":{"line":3,"column":56}},"3":{"start":{"line":4,"column":2},"end":{"line":4,"column":24}},"4":{"start":{"line":2,"column":13},"end":{"line":2,"column":26}},"5":{"start":{"line":7,"column":31},"end":{"line":13,"column":1}},"6":{"start":{"line":11,"column":18},"end":{"line":11,"column":64}},"7":{"start":{"line":12,"column":2},"end":{"line":12,"column":17}},"8":{"start":{"line":7,"column":13},"end":{"line":7,"column":31}}},"fnMap":{"0":{"name":"(anonymous_1)","decl":{"start":{"line":2,"column":26},"end":{"line":2,"column":31}},"loc":{"start":{"line":2,"column":53},"end":{"line":5,"column":1}}},"1":{"name":"(anonymous_2)","decl":{"start":{"line":7,"column":31},"end":{"line":7,"column":36}},"loc":{"start":{"line":10,"column":4},"end":{"line":13,"column":1}}}},"branchMap":{},"s":{"0":1,"1":1,"2":0,"3":0,"4":1,"5":1,"6":0,"7":0,"8":1},"f":{"0":0,"1":0},"b":{}}
,"/home/dibash/torrentflix/packages/server/src/utils/jwt.ts": {"path":"/home/dibash/torrentflix/packages/server/src/utils/jwt.ts","statementMap":{"0":{"start":{"line":1,"column":0},"end":{"line":1,"column":51}},"1":{"start":{"line":2,"column":0},"end":{"line":2,"column":31}},"2":{"start":{"line":9,"column":27},"end":{"line":23,"column":1}},"3":{"start":{"line":10,"column":28},"end":{"line":10,"column":38}},"4":{"start":{"line":12,"column":16},"end":{"line":19,"column":null}},"5":{"start":{"line":22,"column":2},"end":{"line":22,"column":15}},"6":{"start":{"line":9,"column":13},"end":{"line":9,"column":27}}},"fnMap":{"0":{"name":"(anonymous_1)","decl":{"start":{"line":9,"column":27},"end":{"line":9,"column":32}},"loc":{"start":{"line":9,"column":61},"end":{"line":23,"column":1}}}},"branchMap":{},"s":{"0":1,"1":1,"2":1,"3":0,"4":0,"5":0,"6":1},"f":{"0":0},"b":{}}
,"/home/dibash/torrentflix/packages/server/src/utils/validator.ts": {"path":"/home/dibash/torrentflix/packages/server/src/utils/validator.ts","statementMap":{"0":{"start":{"line":3,"column":0},"end":{"line":3,"column":51}},"1":{"start":{"line":4,"column":0},"end":{"line":4,"column":36}},"2":{"start":{"line":6,"column":0},"end":{"line":6,"column":null}},"3":{"start":{"line":7,"column":2},"end":{"line":7,"column":null}},"4":{"start":{"line":8,"column":2},"end":{"line":8,"column":null}},"5":{"start":{"line":9,"column":2},"end":{"line":9,"column":null}},"6":{"start":{"line":10,"column":2},"end":{"line":10,"column":null}},"7":{"start":{"line":13,"column":0},"end":{"line":31,"column":4}},"8":{"start":{"line":17,"column":2},"end":{"line":31,"column":3}},"9":{"start":{"line":18,"column":4},"end":{"line":30,"column":null}},"10":{"start":{"line":19,"column":24},"end":{"line":19,"column":52}},"11":{"start":{"line":21,"column":6},"end":{"line":21,"column":32}},"12":{"start":{"line":21,"column":18},"end":{"line":21,"column":32}},"13":{"start":{"line":22,"column":26},"end":{"line":22,"column":31}},"14":{"start":{"line":23,"column":22},"end":{"line":25,"column":18}},"15":{"start":{"line":24,"column":20},"end":{"line":24,"column":51}},"16":{"start":{"line":26,"column":6},"end":{"line":26,"column":28}},"17":{"start":{"line":27,"column":6},"end":{"line":27,"column":41}},"18":{"start":{"line":29,"column":6},"end":{"line":29,"column":18}}},"fnMap":{"0":{"name":"(anonymous_1)","decl":{"start":{"line":6,"column":0},"end":{"line":6,"column":12}},"loc":{"start":{"line":6,"column":28},"end":{"line":11,"column":1}}},"1":{"name":"(anonymous_2)","decl":{"start":{"line":13,"column":15},"end":{"line":13,"column":null}},"loc":{"start":{"line":17,"column":2},"end":{"line":31,"column":3}}},"2":{"name":"(anonymous_3)","decl":{"start":{"line":17,"column":2},"end":{"line":17,"column":3}},"loc":{"start":{"line":17,"column":52},"end":{"line":31,"column":3}}},"3":{"name":"(anonymous_4)","decl":{"start":{"line":24,"column":13},"end":{"line":24,"column":14}},"loc":{"start":{"line":24,"column":20},"end":{"line":24,"column":51}}}},"branchMap":{"0":{"loc":{"start":{"line":6,"column":12},"end":{"line":6,"column":null}},"type":"binary-expr","locations":[{"start":{"line":6,"column":12},"end":{"line":6,"column":28}},{"start":{"line":6,"column":12},"end":{"line":6,"column":null}}]},"1":{"loc":{"start":{"line":15,"column":4},"end":{"line":15,"column":52}},"type":"default-arg","locations":[{"start":{"line":15,"column":31},"end":{"line":15,"column":52}}]},"2":{"loc":{"start":{"line":21,"column":6},"end":{"line":21,"column":32}},"type":"if","locations":[{"start":{"line":21,"column":6},"end":{"line":21,"column":32}}]}},"s":{"0":1,"1":1,"2":1,"3":1,"4":1,"5":1,"6":1,"7":1,"8":2,"9":3,"10":3,"11":3,"12":1,"13":2,"14":2,"15":2,"16":2,"17":2,"18":0},"f":{"0":1,"1":2,"2":3,"3":2},"b":{"0":[1,1],"1":[2],"2":[1]}}
}
